<?xml version="1.0" encoding="UTF-8" ?>
<testsuite failures="0" time="5.394" errors="0" skipped="8" tests="73" name="cognitivabrasil.obaa.OBAATest">
  <properties>
    <property name="java.runtime.name" value="OpenJDK Runtime Environment"/>
    <property name="sun.boot.library.path" value="/usr/lib/jvm/java-7-openjdk-amd64/jre/lib/amd64"/>
    <property name="java.vm.version" value="23.7-b01"/>
    <property name="java.vm.vendor" value="Oracle Corporation"/>
    <property name="java.vendor.url" value="http://java.oracle.com/"/>
    <property name="path.separator" value=":"/>
    <property name="guice.disable.misplaced.annotation.check" value="true"/>
    <property name="java.vm.name" value="OpenJDK 64-Bit Server VM"/>
    <property name="file.encoding.pkg" value="sun.io"/>
    <property name="user.country" value="US"/>
    <property name="sun.java.launcher" value="SUN_STANDARD"/>
    <property name="sun.os.patch.level" value="unknown"/>
    <property name="java.vm.specification.name" value="Java Virtual Machine Specification"/>
    <property name="user.dir" value="/home/cognitiva/NetBeansProjects/obaa"/>
    <property name="java.runtime.version" value="1.7.0_25-b30"/>
    <property name="java.awt.graphicsenv" value="sun.awt.X11GraphicsEnvironment"/>
    <property name="java.endorsed.dirs" value="/usr/lib/jvm/java-7-openjdk-amd64/jre/lib/endorsed"/>
    <property name="os.arch" value="amd64"/>
    <property name="java.io.tmpdir" value="/tmp"/>
    <property name="line.separator" value="
"/>
    <property name="java.vm.specification.vendor" value="Oracle Corporation"/>
    <property name="os.name" value="Linux"/>
    <property name="classworlds.conf" value="/usr/local/netbeans-7.2.1/java/maven/bin/m2.conf"/>
    <property name="sun.jnu.encoding" value="UTF-8"/>
    <property name="java.library.path" value="/usr/lib/jvm/default-java/jre/lib/amd64:/usr/lib/jvm/default-java/jre/lib/i386::/usr/java/packages/lib/amd64:/usr/lib/jni:/lib:/usr/lib"/>
    <property name="java.specification.name" value="Java Platform API Specification"/>
    <property name="java.class.version" value="51.0"/>
    <property name="sun.management.compiler" value="HotSpot 64-Bit Tiered Compilers"/>
    <property name="os.version" value="3.5.0-40-generic"/>
    <property name="user.home" value="/home/cognitiva"/>
    <property name="user.timezone" value="America/Sao_Paulo"/>
    <property name="java.awt.printerjob" value="sun.print.PSPrinterJob"/>
    <property name="file.encoding" value="UTF-8"/>
    <property name="java.specification.version" value="1.7"/>
    <property name="user.name" value="cognitiva"/>
    <property name="java.class.path" value="/usr/local/netbeans-7.2.1/java/maven/boot/plexus-classworlds-2.4.jar"/>
    <property name="java.vm.specification.version" value="1.7"/>
    <property name="sun.arch.data.model" value="64"/>
    <property name="java.home" value="/usr/lib/jvm/java-7-openjdk-amd64/jre"/>
    <property name="sun.java.command" value="org.codehaus.plexus.classworlds.launcher.Launcher clean install"/>
    <property name="java.specification.vendor" value="Oracle Corporation"/>
    <property name="user.language" value="en"/>
    <property name="awt.toolkit" value="sun.awt.X11.XToolkit"/>
    <property name="java.vm.info" value="mixed mode"/>
    <property name="java.version" value="1.7.0_25"/>
    <property name="java.ext.dirs" value="/usr/lib/jvm/java-7-openjdk-amd64/jre/lib/ext:/usr/java/packages/lib/ext"/>
    <property name="securerandom.source" value="file:/dev/./urandom"/>
    <property name="sun.boot.class.path" value="/usr/lib/jvm/java-7-openjdk-amd64/jre/lib/resources.jar:/usr/lib/jvm/java-7-openjdk-amd64/jre/lib/rt.jar:/usr/lib/jvm/java-7-openjdk-amd64/jre/lib/sunrsasign.jar:/usr/lib/jvm/java-7-openjdk-amd64/jre/lib/jsse.jar:/usr/lib/jvm/java-7-openjdk-amd64/jre/lib/jce.jar:/usr/lib/jvm/java-7-openjdk-amd64/jre/lib/charsets.jar:/usr/lib/jvm/java-7-openjdk-amd64/jre/lib/netx.jar:/usr/lib/jvm/java-7-openjdk-amd64/jre/lib/plugin.jar:/usr/lib/jvm/java-7-openjdk-amd64/jre/lib/rhino.jar:/usr/lib/jvm/java-7-openjdk-amd64/jre/lib/jfr.jar:/usr/lib/jvm/java-7-openjdk-amd64/jre/classes"/>
    <property name="java.vendor" value="Oracle Corporation"/>
    <property name="maven.home" value="/usr/local/netbeans-7.2.1/java/maven"/>
    <property name="file.separator" value="/"/>
    <property name="java.vendor.url.bug" value="http://bugreport.sun.com/bugreport/"/>
    <property name="sun.cpu.endian" value="little"/>
    <property name="sun.io.unicode.encoding" value="UnicodeLittle"/>
    <property name="sun.desktop" value="gnome"/>
    <property name="sun.cpu.isalist" value=""/>
  </properties>
  <testcase time="0.261" classname="cognitivabrasil.obaa.OBAATest" name="testTitle"/>
  <testcase time="0.313" classname="cognitivabrasil.obaa.OBAATest" name="testSerializationDeserialization"/>
  <testcase time="0.239" classname="cognitivabrasil.obaa.OBAATest" name="testTitleFromReader"/>
  <testcase time="0.293" classname="cognitivabrasil.obaa.OBAATest" name="testTitleFromString"/>
  <testcase time="0.173" classname="cognitivabrasil.obaa.OBAATest" name="testOBAA_General_Coverages"/>
  <testcase time="0.148" classname="cognitivabrasil.obaa.OBAATest" name="testRelation"/>
  <testcase time="0.139" classname="cognitivabrasil.obaa.OBAATest" name="supportedPlatformsTest"/>
  <testcase time="0.14" classname="cognitivabrasil.obaa.OBAATest" name="booleanElementTest">
    <skipped/>
  </testcase>
  <testcase time="0.14" classname="cognitivabrasil.obaa.OBAATest" name="booleanElementTranslationTest">
    <skipped/>
  </testcase>
  <testcase time="0.117" classname="cognitivabrasil.obaa.OBAATest" name="platformSpecificFeatureTest"/>
  <testcase time="0.117" classname="cognitivabrasil.obaa.OBAATest" name="taxonPathTest"/>
  <testcase time="0.142" classname="cognitivabrasil.obaa.OBAATest" name="accessibilityTest"/>
  <testcase time="0.114" classname="cognitivabrasil.obaa.OBAATest" name="simpleTest"/>
  <testcase time="0.093" classname="cognitivabrasil.obaa.OBAATest" name="testTwoIdentifiers"/>
  <testcase time="0.093" classname="cognitivabrasil.obaa.OBAATest" name="testSpaceBetween">
    <skipped/>
  </testcase>
  <testcase time="0.124" classname="cognitivabrasil.obaa.OBAATest" name="testTitles"/>
  <testcase time="0.111" classname="cognitivabrasil.obaa.OBAATest" name="testGeneral"/>
  <testcase time="0.107" classname="cognitivabrasil.obaa.OBAATest" name="testInteractivityLevel"/>
  <testcase time="0.101" classname="cognitivabrasil.obaa.OBAATest" name="testTypicalAgeRange"/>
  <testcase time="0.094" classname="cognitivabrasil.obaa.OBAATest" name="testStatus"/>
  <testcase time="0.088" classname="cognitivabrasil.obaa.OBAATest" name="testVersion"/>
  <testcase time="0.1" classname="cognitivabrasil.obaa.OBAATest" name="testSegmentInformationTable"/>
  <testcase time="0.086" classname="cognitivabrasil.obaa.OBAATest" name="testInteraction"/>
  <testcase time="0.086" classname="cognitivabrasil.obaa.OBAATest" name="generateTest">
    <skipped/>
  </testcase>
  <testcase time="0.102" classname="cognitivabrasil.obaa.OBAATest" name="generateEducationalTest"/>
  <testcase time="0.093" classname="cognitivabrasil.obaa.OBAATest" name="durationTest"/>
  <testcase time="0.168" classname="cognitivabrasil.obaa.OBAATest" name="testErrorTranslation"/>
  <testcase time="0.104" classname="cognitivabrasil.obaa.OBAATest" name="testEmptyEntityTag"/>
  <testcase time="0.072" classname="cognitivabrasil.obaa.OBAATest" name="froacErrorTest"/>
  <testcase time="0.106" classname="cognitivabrasil.obaa.OBAATest" name="cloneTest"/>
  <testcase time="0.068" classname="cognitivabrasil.obaa.OBAATest" name="transaltionTest"/>
  <testcase time="0.06" classname="cognitivabrasil.obaa.OBAATest" name="structureErrorTest"/>
  <testcase time="0.06" classname="cognitivabrasil.obaa.OBAATest" name="generateObaa">
    <skipped/>
  </testcase>
  <testcase time="0.081" classname="cognitivabrasil.obaa.OBAATest" name="generateSegmentInformationTable"/>
  <testcase time="0.057" classname="cognitivabrasil.obaa.OBAATest" name="setLocaleTest"/>
  <testcase time="0.062" classname="cognitivabrasil.obaa.OBAATest" name="orderMapTest"/>
  <testcase time="0.075" classname="cognitivabrasil.obaa.OBAATest" name="setAggregationLevelTest"/>
  <testcase time="0.073" classname="cognitivabrasil.obaa.OBAATest" name="rightsTest"/>
  <testcase time="0.047" classname="cognitivabrasil.obaa.OBAATest" name="formatNullTest"/>
  <testcase time="0.047" classname="cognitivabrasil.obaa.OBAATest" name="platformSpecificTest">
    <skipped/>
  </testcase>
  <testcase time="0.042" classname="cognitivabrasil.obaa.OBAATest" name="whoAmITest"/>
  <testcase time="0.043" classname="cognitivabrasil.obaa.OBAATest" name="validateTest"/>
  <testcase time="0.042" classname="cognitivabrasil.obaa.OBAATest" name="getFullNameTest"/>
  <testcase time="0.039" classname="cognitivabrasil.obaa.OBAATest" name="testOBAA_General_AggregationLevel2"/>
  <testcase time="0.041" classname="cognitivabrasil.obaa.OBAATest" name="testOBAA_General_Descriptions"/>
  <testcase time="0.039" classname="cognitivabrasil.obaa.OBAATest" name="testOBAAGeneralIdentifierCatalog"/>
  <testcase time="0.04" classname="cognitivabrasil.obaa.OBAATest" name="testOBAA_General_Identifier_Entry"/>
  <testcase time="0.04" classname="cognitivabrasil.obaa.OBAATest" name="testOBAA_General_Keywords"/>
  <testcase time="0.044" classname="cognitivabrasil.obaa.OBAATest" name="testOBAA_General_Language"/>
  <testcase time="0.044" classname="cognitivabrasil.obaa.OBAATest" name="testOBAA_General_Structure"/>
  <testcase time="0.044" classname="cognitivabrasil.obaa.OBAATest" name="testOaiOBAALifeCycleStatus">
    <skipped/>
  </testcase>
  <testcase time="0.047" classname="cognitivabrasil.obaa.OBAATest" name="testOaiOBAALifeCycleStatusException"/>
  <testcase time="0.043" classname="cognitivabrasil.obaa.OBAATest" name="testOBAALifeCycleVersion"/>
  <testcase time="0.041" classname="cognitivabrasil.obaa.OBAATest" name="testOaiOBAALifeCycleContributeEntity"/>
  <testcase time="0.037" classname="cognitivabrasil.obaa.OBAATest" name="testOBAA_LifeCycle_Contribute_Date"/>
  <testcase time="0.043" classname="cognitivabrasil.obaa.OBAATest" name="testOBAA_LifeCycle_Contribute_Role"/>
  <testcase time="0.041" classname="cognitivabrasil.obaa.OBAATest" name="testOBAA_LifeCycle_Contribute_RoleException"/>
  <testcase time="0.044" classname="cognitivabrasil.obaa.OBAATest" name="testOBAA_Rights_Cost"/>
  <testcase time="0.051" classname="cognitivabrasil.obaa.OBAATest" name="testOBAA_Rights_Copyright"/>
  <testcase time="0.042" classname="cognitivabrasil.obaa.OBAATest" name="testOBAA_Rights_Description"/>
  <testcase time="0.04" classname="cognitivabrasil.obaa.OBAATest" name="testOBAA_Educational_InteractivityType"/>
  <testcase time="0.057" classname="cognitivabrasil.obaa.OBAATest" name="testOBAA_Educational_InteractivityLevel"/>
  <testcase time="0.036" classname="cognitivabrasil.obaa.OBAATest" name="testOBAA_Educational_SemanticDensity"/>
  <testcase time="0.033" classname="cognitivabrasil.obaa.OBAATest" name="testOBAA_Educational_Difficulty"/>
  <testcase time="0.032" classname="cognitivabrasil.obaa.OBAATest" name="testOBAA_Educational_TypicalLearningTime"/>
  <testcase time="0.033" classname="cognitivabrasil.obaa.OBAATest" name="testOBAA_Educational_TypicalAgeRange"/>
  <testcase time="0.033" classname="cognitivabrasil.obaa.OBAATest" name="testOBAA_Educational_IntendedEndUserRoles_Role"/>
  <testcase time="0.035" classname="cognitivabrasil.obaa.OBAATest" name="testOBAA_Educational_LearningResourceTypes"/>
  <testcase time="0.033" classname="cognitivabrasil.obaa.OBAATest" name="testOBAA_Educational_Descriptions"/>
  <testcase time="0.033" classname="cognitivabrasil.obaa.OBAATest" name="testOBAA_Educational_Languages"/>
  <testcase time="0.032" classname="cognitivabrasil.obaa.OBAATest" name="testOBAA_Educational_Contexts"/>
  <testcase time="0.033" classname="cognitivabrasil.obaa.OBAATest" name="testOBAATechnicalLocation"/>
  <testcase time="0.033" classname="cognitivabrasil.obaa.OBAATest" name="testCreateLocation">
    <skipped/>
  </testcase>
</testsuite>