<?xml version="1.0" encoding="UTF-8" ?>
<testsuite failures="0" time="1.78" errors="0" skipped="8" tests="77" name="cognitivabrasil.obaa.OBAATest">
  <properties>
    <property name="java.runtime.name" value="Java(TM) SE Runtime Environment"/>
    <property name="sun.boot.library.path" value="/usr/lib/jvm/java-7-oracle/jre/lib/amd64"/>
    <property name="java.vm.version" value="24.45-b08"/>
    <property name="java.vm.vendor" value="Oracle Corporation"/>
    <property name="java.vendor.url" value="http://java.oracle.com/"/>
    <property name="path.separator" value=":"/>
    <property name="guice.disable.misplaced.annotation.check" value="true"/>
    <property name="java.vm.name" value="Java HotSpot(TM) 64-Bit Server VM"/>
    <property name="file.encoding.pkg" value="sun.io"/>
    <property name="user.country" value="BR"/>
    <property name="sun.java.launcher" value="SUN_STANDARD"/>
    <property name="sun.os.patch.level" value="unknown"/>
    <property name="java.vm.specification.name" value="Java Virtual Machine Specification"/>
    <property name="user.dir" value="/home/luiz/NetBeansProjects/ObaaGit/obaa"/>
    <property name="java.runtime.version" value="1.7.0_45-b18"/>
    <property name="java.awt.graphicsenv" value="sun.awt.X11GraphicsEnvironment"/>
    <property name="java.endorsed.dirs" value="/usr/lib/jvm/java-7-oracle/jre/lib/endorsed"/>
    <property name="os.arch" value="amd64"/>
    <property name="java.io.tmpdir" value="/tmp"/>
    <property name="line.separator" value="
"/>
    <property name="java.vm.specification.vendor" value="Oracle Corporation"/>
    <property name="os.name" value="Linux"/>
    <property name="classworlds.conf" value="/home/luiz/.netbeans/7.3/maven/bin/m2.conf"/>
    <property name="sun.jnu.encoding" value="UTF-8"/>
    <property name="java.library.path" value="/usr/lib/jvm/java-7-oracle/jre/lib/amd64:/usr/lib/jvm/java-7-oracle/jre/lib/i386::/usr/java/packages/lib/amd64:/usr/lib64:/lib64:/lib:/usr/lib"/>
    <property name="java.specification.name" value="Java Platform API Specification"/>
    <property name="java.class.version" value="51.0"/>
    <property name="sun.management.compiler" value="HotSpot 64-Bit Tiered Compilers"/>
    <property name="os.version" value="3.11.0-17-generic"/>
    <property name="user.home" value="/home/luiz"/>
    <property name="user.timezone" value="America/Sao_Paulo"/>
    <property name="java.awt.printerjob" value="sun.print.PSPrinterJob"/>
    <property name="file.encoding" value="UTF-8"/>
    <property name="java.specification.version" value="1.7"/>
    <property name="user.name" value="luiz"/>
    <property name="java.class.path" value="/home/luiz/.netbeans/7.3/maven/boot/plexus-classworlds-2.4.jar"/>
    <property name="java.vm.specification.version" value="1.7"/>
    <property name="sun.arch.data.model" value="64"/>
    <property name="java.home" value="/usr/lib/jvm/java-7-oracle/jre"/>
    <property name="sun.java.command" value="org.codehaus.plexus.classworlds.launcher.Launcher clean install"/>
    <property name="java.specification.vendor" value="Oracle Corporation"/>
    <property name="user.language" value="pt"/>
    <property name="awt.toolkit" value="sun.awt.X11.XToolkit"/>
    <property name="java.vm.info" value="mixed mode"/>
    <property name="java.version" value="1.7.0_45"/>
    <property name="java.ext.dirs" value="/usr/lib/jvm/java-7-oracle/jre/lib/ext:/usr/java/packages/lib/ext"/>
    <property name="securerandom.source" value="file:/dev/./urandom"/>
    <property name="sun.boot.class.path" value="/usr/lib/jvm/java-7-oracle/jre/lib/resources.jar:/usr/lib/jvm/java-7-oracle/jre/lib/rt.jar:/usr/lib/jvm/java-7-oracle/jre/lib/sunrsasign.jar:/usr/lib/jvm/java-7-oracle/jre/lib/jsse.jar:/usr/lib/jvm/java-7-oracle/jre/lib/jce.jar:/usr/lib/jvm/java-7-oracle/jre/lib/charsets.jar:/usr/lib/jvm/java-7-oracle/jre/lib/jfr.jar:/usr/lib/jvm/java-7-oracle/jre/classes"/>
    <property name="java.vendor" value="Oracle Corporation"/>
    <property name="maven.home" value="/home/luiz/.netbeans/7.3/maven"/>
    <property name="file.separator" value="/"/>
    <property name="java.vendor.url.bug" value="http://bugreport.sun.com/bugreport/"/>
    <property name="sun.cpu.endian" value="little"/>
    <property name="sun.io.unicode.encoding" value="UnicodeLittle"/>
    <property name="sun.desktop" value="gnome"/>
    <property name="sun.cpu.isalist" value=""/>
  </properties>
  <testcase time="0.033" classname="cognitivabrasil.obaa.OBAATest" name="testTitle"/>
  <testcase time="0.044" classname="cognitivabrasil.obaa.OBAATest" name="testSerializationDeserialization"/>
  <testcase time="0.035" classname="cognitivabrasil.obaa.OBAATest" name="testTitleFromReader"/>
  <testcase time="0.042" classname="cognitivabrasil.obaa.OBAATest" name="testTitleFromString"/>
  <testcase time="0.043" classname="cognitivabrasil.obaa.OBAATest" name="testOBAA_General_AggregationLevel2"/>
  <testcase time="0.075" classname="cognitivabrasil.obaa.OBAATest" name="testOBAA_General_Coverages"/>
  <testcase time="0.052" classname="cognitivabrasil.obaa.OBAATest" name="testOBAA_General_Descriptions"/>
  <testcase time="0.029" classname="cognitivabrasil.obaa.OBAATest" name="testOBAAGeneralIdentifierCatalog"/>
  <testcase time="0.028" classname="cognitivabrasil.obaa.OBAATest" name="testOBAA_General_Identifier_Entry"/>
  <testcase time="0.039" classname="cognitivabrasil.obaa.OBAATest" name="testOBAA_General_Keywords"/>
  <testcase time="0.022" classname="cognitivabrasil.obaa.OBAATest" name="testOBAA_General_Language"/>
  <testcase time="0.022" classname="cognitivabrasil.obaa.OBAATest" name="testOBAA_General_Structure"/>
  <testcase time="0.022" classname="cognitivabrasil.obaa.OBAATest" name="testOaiOBAALifeCycleStatus">
    <skipped/>
  </testcase>
  <testcase time="0.021" classname="cognitivabrasil.obaa.OBAATest" name="testOaiOBAALifeCycleStatusException"/>
  <testcase time="0.022" classname="cognitivabrasil.obaa.OBAATest" name="testOBAALifeCycleVersion"/>
  <testcase time="0.021" classname="cognitivabrasil.obaa.OBAATest" name="testOaiOBAALifeCycleContributeEntity"/>
  <testcase time="0.021" classname="cognitivabrasil.obaa.OBAATest" name="testOBAA_LifeCycle_Contribute_Date"/>
  <testcase time="0.021" classname="cognitivabrasil.obaa.OBAATest" name="testOBAA_LifeCycle_Contribute_Role"/>
  <testcase time="0.021" classname="cognitivabrasil.obaa.OBAATest" name="testOBAA_LifeCycle_Contribute_RoleException"/>
  <testcase time="0.021" classname="cognitivabrasil.obaa.OBAATest" name="testOBAA_Rights_Cost"/>
  <testcase time="0.021" classname="cognitivabrasil.obaa.OBAATest" name="testOBAA_Rights_Copyright"/>
  <testcase time="0.02" classname="cognitivabrasil.obaa.OBAATest" name="testOBAA_Rights_Description"/>
  <testcase time="0.021" classname="cognitivabrasil.obaa.OBAATest" name="testOBAA_Educational_InteractivityType"/>
  <testcase time="0.028" classname="cognitivabrasil.obaa.OBAATest" name="testOBAA_Educational_InteractivityLevel"/>
  <testcase time="0.021" classname="cognitivabrasil.obaa.OBAATest" name="testOBAA_Educational_SemanticDensity"/>
  <testcase time="0.021" classname="cognitivabrasil.obaa.OBAATest" name="testOBAA_Educational_Difficulty"/>
  <testcase time="0.021" classname="cognitivabrasil.obaa.OBAATest" name="testOBAA_Educational_TypicalLearningTime"/>
  <testcase time="0.021" classname="cognitivabrasil.obaa.OBAATest" name="testOBAA_Educational_TypicalAgeRange"/>
  <testcase time="0.024" classname="cognitivabrasil.obaa.OBAATest" name="testOBAA_Educational_IntendedEndUserRoles_Role"/>
  <testcase time="0.021" classname="cognitivabrasil.obaa.OBAATest" name="testOBAA_Educational_LearningResourceTypes"/>
  <testcase time="0.02" classname="cognitivabrasil.obaa.OBAATest" name="testOBAA_Educational_Descriptions"/>
  <testcase time="0.021" classname="cognitivabrasil.obaa.OBAATest" name="testOBAA_Educational_Languages"/>
  <testcase time="0.021" classname="cognitivabrasil.obaa.OBAATest" name="testOBAA_Educational_Contexts"/>
  <testcase time="0.021" classname="cognitivabrasil.obaa.OBAATest" name="testOBAATechnicalLocation"/>
  <testcase time="0.021" classname="cognitivabrasil.obaa.OBAATest" name="testCreateLocation">
    <skipped/>
  </testcase>
  <testcase time="0.021" classname="cognitivabrasil.obaa.OBAATest" name="testRelation"/>
  <testcase time="0.021" classname="cognitivabrasil.obaa.OBAATest" name="supportedPlatformsTest"/>
  <testcase time="0.021" classname="cognitivabrasil.obaa.OBAATest" name="booleanElementTest">
    <skipped/>
  </testcase>
  <testcase time="0.021" classname="cognitivabrasil.obaa.OBAATest" name="booleanElementTranslationTest">
    <skipped/>
  </testcase>
  <testcase time="0.023" classname="cognitivabrasil.obaa.OBAATest" name="platformSpecificFeatureTest"/>
  <testcase time="0.024" classname="cognitivabrasil.obaa.OBAATest" name="taxonPathTest"/>
  <testcase time="0.021" classname="cognitivabrasil.obaa.OBAATest" name="accessibilityTest"/>
  <testcase time="0.022" classname="cognitivabrasil.obaa.OBAATest" name="simpleTest"/>
  <testcase time="0.025" classname="cognitivabrasil.obaa.OBAATest" name="testPlataformSpecificFeatures"/>
  <testcase time="0.024" classname="cognitivabrasil.obaa.OBAATest" name="testTwoIdentifiers"/>
  <testcase time="0.024" classname="cognitivabrasil.obaa.OBAATest" name="testSpaceBetween">
    <skipped/>
  </testcase>
  <testcase time="0.022" classname="cognitivabrasil.obaa.OBAATest" name="testTitles"/>
  <testcase time="0.023" classname="cognitivabrasil.obaa.OBAATest" name="testGeneral"/>
  <testcase time="0.02" classname="cognitivabrasil.obaa.OBAATest" name="testInteractivityLevel"/>
  <testcase time="0.023" classname="cognitivabrasil.obaa.OBAATest" name="testTypicalAgeRange"/>
  <testcase time="0.021" classname="cognitivabrasil.obaa.OBAATest" name="testStatus"/>
  <testcase time="0.021" classname="cognitivabrasil.obaa.OBAATest" name="testVersion"/>
  <testcase time="0.021" classname="cognitivabrasil.obaa.OBAATest" name="testSegmentInformationTable"/>
  <testcase time="0.021" classname="cognitivabrasil.obaa.OBAATest" name="testInteraction"/>
  <testcase time="0.021" classname="cognitivabrasil.obaa.OBAATest" name="generateTest">
    <skipped/>
  </testcase>
  <testcase time="0.022" classname="cognitivabrasil.obaa.OBAATest" name="generateEducationalTest"/>
  <testcase time="0.021" classname="cognitivabrasil.obaa.OBAATest" name="durationTest"/>
  <testcase time="0.025" classname="cognitivabrasil.obaa.OBAATest" name="testErrorTranslation"/>
  <testcase time="0.026" classname="cognitivabrasil.obaa.OBAATest" name="testEmptyEntityTag"/>
  <testcase time="0.024" classname="cognitivabrasil.obaa.OBAATest" name="froacErrorTest"/>
  <testcase time="0.022" classname="cognitivabrasil.obaa.OBAATest" name="cloneTest"/>
  <testcase time="0.021" classname="cognitivabrasil.obaa.OBAATest" name="transaltionTest"/>
  <testcase time="0.021" classname="cognitivabrasil.obaa.OBAATest" name="structureErrorTest"/>
  <testcase time="0.021" classname="cognitivabrasil.obaa.OBAATest" name="generateObaa">
    <skipped/>
  </testcase>
  <testcase time="0.06" classname="cognitivabrasil.obaa.OBAATest" name="generateSegmentInformationTable"/>
  <testcase time="0.021" classname="cognitivabrasil.obaa.OBAATest" name="setLocaleTest"/>
  <testcase time="0.038" classname="cognitivabrasil.obaa.OBAATest" name="orderMapTest"/>
  <testcase time="0.023" classname="cognitivabrasil.obaa.OBAATest" name="setAggregationLevelTest"/>
  <testcase time="0.021" classname="cognitivabrasil.obaa.OBAATest" name="rightsTest"/>
  <testcase time="0.021" classname="cognitivabrasil.obaa.OBAATest" name="formatNullTest"/>
  <testcase time="0.021" classname="cognitivabrasil.obaa.OBAATest" name="platformSpecificTest">
    <skipped/>
  </testcase>
  <testcase time="0.021" classname="cognitivabrasil.obaa.OBAATest" name="whoAmITest"/>
  <testcase time="0.021" classname="cognitivabrasil.obaa.OBAATest" name="validateTest"/>
  <testcase time="0.021" classname="cognitivabrasil.obaa.OBAATest" name="getFullNameTest"/>
  <testcase time="0.021" classname="cognitivabrasil.obaa.OBAATest" name="vCardGetNameTest"/>
  <testcase time="0.021" classname="cognitivabrasil.obaa.OBAATest" name="testVCard"/>
  <testcase time="0.023" classname="cognitivabrasil.obaa.OBAATest" name="testOBAA_Duration"/>
</testsuite>